app/build/intermediates/manifest_merge_blame_file/debug/manifest-merger-blame-debug-report.txt
1<?xml version="1.0" encoding="utf-8"?>
2<manifest xmlns:android="http://schemas.android.com/apk/res/android"
3    package="com.emproto.pojo" >
4
5    <uses-sdk
6        android:minSdkVersion="21"
6-->src/main/AndroidManifest.xml
7        android:targetSdkVersion="30" />
7-->src/main/AndroidManifest.xml
8
9    <uses-permission android:name="android.permission.INTERNET" />
9-->src/main/AndroidManifest.xml:5:5-67
9-->src/main/AndroidManifest.xml:5:22-64
10
11    <application
11-->src/main/AndroidManifest.xml:7:5-28:19
12        android:name="com.emproto.pojo.PojoApplication"
12-->src/main/AndroidManifest.xml:14:9-40
13        android:allowBackup="true"
13-->src/main/AndroidManifest.xml:8:9-35
14        android:icon="@mipmap/ic_launcher"
14-->src/main/AndroidManifest.xml:9:9-43
15        android:label="@string/app_name"
15-->src/main/AndroidManifest.xml:10:9-41
16        android:roundIcon="@mipmap/ic_launcher_round"
16-->src/main/AndroidManifest.xml:12:9-54
17        android:supportsRtl="true"
17-->src/main/AndroidManifest.xml:13:9-35
18        android:theme="@style/Theme.Pojo"
18-->src/main/AndroidManifest.xml:15:9-42
19        android:usesCleartextTraffic="true" >
19-->src/main/AndroidManifest.xml:11:9-44
20        <meta-data
20-->src/main/AndroidManifest.xml:16:9-18:42
21            android:name="com.pointzi.APP_KEY"
21-->src/main/AndroidManifest.xml:17:13-47
22            android:value="EmprotoApp" />
22-->src/main/AndroidManifest.xml:18:13-39
23
24        <activity
24-->src/main/AndroidManifest.xml:19:9-27:20
25            android:name="com.emproto.pojo.MainActivity"
25-->src/main/AndroidManifest.xml:20:13-41
26            android:exported="true" >
26-->src/main/AndroidManifest.xml:21:13-36
27            <intent-filter>
27-->src/main/AndroidManifest.xml:22:13-26:29
28                <action android:name="android.intent.action.MAIN" />
28-->src/main/AndroidManifest.xml:23:17-69
28-->src/main/AndroidManifest.xml:23:25-66
29
30                <category android:name="android.intent.category.LAUNCHER" />
30-->src/main/AndroidManifest.xml:25:17-77
30-->src/main/AndroidManifest.xml:25:27-74
31            </intent-filter>
32        </activity>
33    </application>
34
35</manifest>